  Collider.cpp
C:\Users\w011657m\Documents\GitHub\GamePhysics\Physics Framework\DX11PhysicsFramework\Quaternion.h(195,23): warning C4244: 'return': conversion from 'double' to 'float', possible loss of data
C:\Users\w011657m\Documents\GitHub\GamePhysics\Physics Framework\DX11PhysicsFramework\Quaternion.h(200,25): warning C4244: 'return': conversion from 'double' to 'float', possible loss of data
C:\Users\w011657m\Documents\GitHub\GamePhysics\Physics Framework\DX11PhysicsFramework\Collider.h(35,43): warning C4100: 'other': unreferenced formal parameter
C:\Users\w011657m\Documents\GitHub\GamePhysics\Physics Framework\DX11PhysicsFramework\Collider.h(54,43): warning C4100: 'other': unreferenced formal parameter
  DX11PhysicsFramework.cpp
C:\Users\w011657m\Documents\GitHub\GamePhysics\Physics Framework\DX11PhysicsFramework\Quaternion.h(195,23): warning C4244: 'return': conversion from 'double' to 'float', possible loss of data
C:\Users\w011657m\Documents\GitHub\GamePhysics\Physics Framework\DX11PhysicsFramework\Quaternion.h(200,25): warning C4244: 'return': conversion from 'double' to 'float', possible loss of data
C:\Users\w011657m\Documents\GitHub\GamePhysics\Physics Framework\DX11PhysicsFramework\Collider.h(35,43): warning C4100: 'other': unreferenced formal parameter
C:\Users\w011657m\Documents\GitHub\GamePhysics\Physics Framework\DX11PhysicsFramework\Collider.h(54,43): warning C4100: 'other': unreferenced formal parameter
C:\Users\w011657m\Documents\GitHub\GamePhysics\Physics Framework\DX11PhysicsFramework\DX11PhysicsFramework.cpp(84,75): warning C4100: 'nCmdShow': unreferenced formal parameter
C:\Users\w011657m\Documents\GitHub\GamePhysics\Physics Framework\DX11PhysicsFramework\DX11PhysicsFramework.cpp(534,39): warning C4244: 'argument': conversion from 'int' to 'float', possible loss of data
  GameObject.cpp
C:\Users\w011657m\Documents\GitHub\GamePhysics\Physics Framework\DX11PhysicsFramework\Quaternion.h(195,23): warning C4244: 'return': conversion from 'double' to 'float', possible loss of data
C:\Users\w011657m\Documents\GitHub\GamePhysics\Physics Framework\DX11PhysicsFramework\Quaternion.h(200,25): warning C4244: 'return': conversion from 'double' to 'float', possible loss of data
C:\Users\w011657m\Documents\GitHub\GamePhysics\Physics Framework\DX11PhysicsFramework\Collider.h(35,43): warning C4100: 'other': unreferenced formal parameter
C:\Users\w011657m\Documents\GitHub\GamePhysics\Physics Framework\DX11PhysicsFramework\Collider.h(54,43): warning C4100: 'other': unreferenced formal parameter
  Main.cpp
C:\Users\w011657m\Documents\GitHub\GamePhysics\Physics Framework\DX11PhysicsFramework\Quaternion.h(195,23): warning C4244: 'return': conversion from 'double' to 'float', possible loss of data
C:\Users\w011657m\Documents\GitHub\GamePhysics\Physics Framework\DX11PhysicsFramework\Quaternion.h(200,25): warning C4244: 'return': conversion from 'double' to 'float', possible loss of data
C:\Users\w011657m\Documents\GitHub\GamePhysics\Physics Framework\DX11PhysicsFramework\Collider.h(35,43): warning C4100: 'other': unreferenced formal parameter
C:\Users\w011657m\Documents\GitHub\GamePhysics\Physics Framework\DX11PhysicsFramework\Collider.h(54,43): warning C4100: 'other': unreferenced formal parameter
  ParticleModel.cpp
C:\Users\w011657m\Documents\GitHub\GamePhysics\Physics Framework\DX11PhysicsFramework\Quaternion.h(195,23): warning C4244: 'return': conversion from 'double' to 'float', possible loss of data
C:\Users\w011657m\Documents\GitHub\GamePhysics\Physics Framework\DX11PhysicsFramework\Quaternion.h(200,25): warning C4244: 'return': conversion from 'double' to 'float', possible loss of data
C:\Users\w011657m\Documents\GitHub\GamePhysics\Physics Framework\DX11PhysicsFramework\Collider.h(35,43): warning C4100: 'other': unreferenced formal parameter
C:\Users\w011657m\Documents\GitHub\GamePhysics\Physics Framework\DX11PhysicsFramework\Collider.h(54,43): warning C4100: 'other': unreferenced formal parameter
  PhysicsModel.cpp
C:\Users\w011657m\Documents\GitHub\GamePhysics\Physics Framework\DX11PhysicsFramework\Quaternion.h(195,23): warning C4244: 'return': conversion from 'double' to 'float', possible loss of data
C:\Users\w011657m\Documents\GitHub\GamePhysics\Physics Framework\DX11PhysicsFramework\Quaternion.h(200,25): warning C4244: 'return': conversion from 'double' to 'float', possible loss of data
C:\Users\w011657m\Documents\GitHub\GamePhysics\Physics Framework\DX11PhysicsFramework\Collider.h(35,43): warning C4100: 'other': unreferenced formal parameter
C:\Users\w011657m\Documents\GitHub\GamePhysics\Physics Framework\DX11PhysicsFramework\Collider.h(54,43): warning C4100: 'other': unreferenced formal parameter
  Quaternion.cpp
C:\Users\w011657m\Documents\GitHub\GamePhysics\Physics Framework\DX11PhysicsFramework\Quaternion.h(195,23): warning C4244: 'return': conversion from 'double' to 'float', possible loss of data
C:\Users\w011657m\Documents\GitHub\GamePhysics\Physics Framework\DX11PhysicsFramework\Quaternion.h(200,25): warning C4244: 'return': conversion from 'double' to 'float', possible loss of data
  Rigidbody.cpp
C:\Users\w011657m\Documents\GitHub\GamePhysics\Physics Framework\DX11PhysicsFramework\Quaternion.h(195,23): warning C4244: 'return': conversion from 'double' to 'float', possible loss of data
C:\Users\w011657m\Documents\GitHub\GamePhysics\Physics Framework\DX11PhysicsFramework\Quaternion.h(200,25): warning C4244: 'return': conversion from 'double' to 'float', possible loss of data
C:\Users\w011657m\Documents\GitHub\GamePhysics\Physics Framework\DX11PhysicsFramework\Collider.h(35,43): warning C4100: 'other': unreferenced formal parameter
C:\Users\w011657m\Documents\GitHub\GamePhysics\Physics Framework\DX11PhysicsFramework\Collider.h(54,43): warning C4100: 'other': unreferenced formal parameter
  Transform.cpp
C:\Users\w011657m\Documents\GitHub\GamePhysics\Physics Framework\DX11PhysicsFramework\Quaternion.h(195,23): warning C4244: 'return': conversion from 'double' to 'float', possible loss of data
C:\Users\w011657m\Documents\GitHub\GamePhysics\Physics Framework\DX11PhysicsFramework\Quaternion.h(200,25): warning C4244: 'return': conversion from 'double' to 'float', possible loss of data
  Vector.cpp
C:\Users\w011657m\Documents\GitHub\GamePhysics\Physics Framework\DX11PhysicsFramework\Vector.cpp(13,13): warning C4244: 'return': conversion from 'double' to 'float', possible loss of data
  Generating Code...
C:\Users\w011657m\Documents\GitHub\GamePhysics\Physics Framework\DX11PhysicsFramework\PhysicsModel.h(44): warning C4715: 'PhysicsModel::DragForce': not all control paths return a value
C:\Users\w011657m\Documents\GitHub\GamePhysics\Physics Framework\DX11PhysicsFramework\PhysicsModel.h(44): warning C4715: 'PhysicsModel::DragForce': not all control paths return a value
  DX11PhysicsFramework.vcxproj -> C:\Users\w011657m\Documents\GitHub\GamePhysics\Physics Framework\x64\Debug\DX11PhysicsFramework.exe
